<?xml version="1.0" encoding="UTF-8"?>
<testng-results ignored="0" total="2" passed="2" failed="0" skipped="0">
  <reporter-output>
  </reporter-output>
  <suite started-at="2023-07-15T14:59:13 IST" name="Suite" finished-at="2023-07-15T14:59:13 IST" duration-ms="100">
    <groups>
    </groups>
    <test started-at="2023-07-15T14:59:13 IST" name="Test" finished-at="2023-07-15T14:59:13 IST" duration-ms="100">
      <class name="RahulShetty.Mavenjava.SelenumTest">
        <test-method signature="BrowserAutomaton()[pri:0, instance:RahulShetty.Mavenjava.SelenumTest@654f0d9c]" started-at="2023-07-15T14:59:13 IST" name="BrowserAutomaton" finished-at="2023-07-15T14:59:13 IST" duration-ms="9" status="PASS">
          <reporter-output>
          </reporter-output>
        </test-method> <!-- BrowserAutomaton -->
        <test-method signature="elementsU()[pri:0, instance:RahulShetty.Mavenjava.SelenumTest@654f0d9c]" started-at="2023-07-15T14:59:13 IST" name="elementsU" finished-at="2023-07-15T14:59:13 IST" duration-ms="1" status="PASS">
          <reporter-output>
          </reporter-output>
        </test-method> <!-- elementsU -->
      </class> <!-- RahulShetty.Mavenjava.SelenumTest -->
    </test> <!-- Test -->
  </suite> <!-- Suite -->
</testng-results>
