<?xml version="1.0" encoding="UTF-8"?>
<testng-results ignored="0" total="1" passed="1" failed="0" skipped="0">
  <reporter-output>
  </reporter-output>
  <suite started-at="2023-07-17T23:23:49 IST" name="Default suite" finished-at="2023-07-17T23:23:57 IST" duration-ms="8110">
    <groups>
    </groups>
    <test started-at="2023-07-17T23:23:49 IST" name="Default test" finished-at="2023-07-17T23:23:57 IST" duration-ms="8110">
      <class name="extentreportsdemo.Extentreports">
        <test-method is-config="true" signature="config()[pri:0, instance:extentreportsdemo.Extentreports@41d477ed]" started-at="2023-07-17T23:23:49 IST" name="config" finished-at="2023-07-17T23:23:49 IST" duration-ms="606" status="PASS">
          <reporter-output>
          </reporter-output>
        </test-method> <!-- config -->
        <test-method signature="extentdemo()[pri:0, instance:extentreportsdemo.Extentreports@41d477ed]" started-at="2023-07-17T23:23:49 IST" name="extentdemo" finished-at="2023-07-17T23:23:57 IST" duration-ms="7404" status="PASS">
          <reporter-output>
          </reporter-output>
        </test-method> <!-- extentdemo -->
      </class> <!-- extentreportsdemo.Extentreports -->
    </test> <!-- Default test -->
  </suite> <!-- Default suite -->
</testng-results>
